<?xml version="1.0" encoding="UTF-8"?>
<testsuite xmlns:xsi="http://www.w3.org/2001/XMLSchema-instance" xsi:noNamespaceSchemaLocation="https://maven.apache.org/surefire/maven-surefire-plugin/xsd/surefire-test-report.xsd" name="Runner.TestRunner" time="1.425" tests="4" errors="1" skipped="0" failures="0">
  <properties>
[...]
</properties>
  <testcase name="CHeck login with valid credentials" classname="demo  Functionality test" time="0.574">
    <error message="/ by zero" type="java.lang.ArithmeticException">java.lang.ArithmeticException: / by zero
</error>
    <system-err><![CDATA[Jul 05, 2023 9:24:02 AM io.cucumber.junit.Cucumber <init>
WARNING: By default Cucumber is running in --non-strict mode.
This default will change to --strict and --non-strict will be removed.
You can use --strict or @CucumberOptions(strict = true) to suppress this warning
]]></system-err>
  </testcase>
  <testcase name="CHeck login with invalid credentials" classname="demo  Functionality test" time="0.017"/>
  <testcase name="CHeck login with valid credentials" classname="Login Functionality" time="0.014"/>
  <testcase name="CHeck login with invalid credentials" classname="Login Functionality" time="0.007"/>
</testsuite>